This is pdfTeX, Version 3.14159265-2.6-1.40.15 (TeX Live 2014) (preloaded format=pdflatex 2014.12.23)  17 APR 2015 15:42
entering extended mode
 restricted \write18 enabled.
 file:line:error style messages enabled.
 %&-line parsing enabled.
**layoutsetup.tex
(./layoutsetup.tex
LaTeX2e <2014/05/01>
Babel <3.9k> and hyphenation patterns for 78 languages loaded.

./layoutsetup.tex:8: LaTeX Error: \usepackage before \documentclass.

See the LaTeX manual or LaTeX Companion for explanation.
Type  H <return>  for immediate help.
 ...                                              
                                                  
l.8 \usepackage{
                epfl_logo}
? 
./layoutsetup.tex:8: Emergency stop.
 ...                                              
                                                  
l.8 \usepackage{
                epfl_logo}
\usepackage may only appear in the document preamble, i.e.,
between \documentclass and \begin{document}.

 
Here is how much of TeX's memory you used:
 6 strings out of 493117
 285 string characters out of 6135432
 52909 words of memory out of 5000000
 3568 multiletter control sequences out of 15000+600000
 3640 words of font info for 14 fonts, out of 8000000 for 9000
 1141 hyphenation exceptions out of 8191
 5i,0n,5p,88b,14s stack positions out of 5000i,500n,10000p,200000b,80000s
./layoutsetup.tex:8:  ==> Fatal error occurred, no output PDF file produced!
