\BOOKMARK [0][-]{section*.1}{Contents}{}% 1
\BOOKMARK [0][-]{chapter.1}{Introduction}{}% 2
\BOOKMARK [0][-]{chapter.2}{Social Media Data Acquisition}{}% 3
\BOOKMARK [1][-]{section.2.1}{Hyperspace Analogue to Language}{chapter.2}% 4
\BOOKMARK [2][-]{subsection.2.1.1}{Motivating a Semantic Approach}{section.2.1}% 5
\BOOKMARK [1][-]{section.2.2}{Food Lexicon}{chapter.2}% 6
\BOOKMARK [2][-]{subsection.2.2.1}{Candidate Food Term Selection}{section.2.2}% 7
\BOOKMARK [1][-]{section.2.3}{Predictor Lexicon}{chapter.2}% 8
\BOOKMARK [2][-]{subsection.2.3.1}{Candidate Predictor Term Selection}{section.2.3}% 9
\BOOKMARK [2][-]{subsection.2.3.2}{Annotation and False Positive Removal of HAL Results}{section.2.3}% 10
\BOOKMARK [1][-]{section.2.4}{Experimental Evaluation}{chapter.2}% 11
\BOOKMARK [2][-]{subsection.2.4.1}{Results}{section.2.4}% 12
\BOOKMARK [2][-]{subsection.2.4.2}{Discussion}{section.2.4}% 13
\BOOKMARK [1][-]{section.2.5}{Filtering}{chapter.2}% 14
\BOOKMARK [2][-]{subsection.2.5.1}{Food related Tweets}{section.2.5}% 15
\BOOKMARK [2][-]{subsection.2.5.2}{Predictor related Tweets}{section.2.5}% 16
\BOOKMARK [2][-]{subsection.2.5.3}{Sentiment Extraction}{section.2.5}% 17
\BOOKMARK [0][-]{chapter.3}{Analysis}{}% 18
\BOOKMARK [1][-]{section.3.1}{Data Analysis}{chapter.3}% 19
\BOOKMARK [2][-]{subsection.3.1.1}{User Distribution}{section.3.1}% 20
\BOOKMARK [2][-]{subsection.3.1.2}{Food Term Distribution}{section.3.1}% 21
\BOOKMARK [1][-]{section.3.2}{Price Correlation}{chapter.3}% 22
\BOOKMARK [2][-]{subsection.3.2.1}{Discussion}{section.3.2}% 23
\BOOKMARK [1][-]{section.3.3}{Anomalie Detection}{chapter.3}% 24
\BOOKMARK [0][-]{appendix.A}{Data}{}% 25
\BOOKMARK [1][-]{section.A.1}{Processing and Storage}{appendix.A}% 26
\BOOKMARK [1][-]{section.A.2}{Crowd Flower}{appendix.A}% 27
\BOOKMARK [2][-]{subsection.A.2.1}{Categorise: Food Price}{section.A.2}% 28
\BOOKMARK [2][-]{subsection.A.2.2}{Categorise: Food Supply}{section.A.2}% 29
\BOOKMARK [2][-]{subsection.A.2.3}{Categorise: Food Poverty}{section.A.2}% 30
\BOOKMARK [2][-]{subsection.A.2.4}{Categorise: Food Needs}{section.A.2}% 31
\BOOKMARK [0][-]{section*.16}{Bibliography}{}% 32
